0 info it worked if it ends with ok
1 verbose cli [ 'D:\\ProgrammingSoftware\\Node.js\\node.exe',
1 verbose cli   'D:\\ProgrammingSoftware\\Node.js\\node_modules\\npm\\bin\\npm-cli.js',
1 verbose cli   'start',
1 verbose cli   'app.js' ]
2 info using npm@3.8.9
3 info using node@v6.2.0
4 verbose run-script [ 'prestart', 'start', 'poststart' ]
5 info lifecycle app@0.0.0~prestart: app@0.0.0
6 silly lifecycle app@0.0.0~prestart: no script for prestart, continuing
7 info lifecycle app@0.0.0~start: app@0.0.0
8 verbose lifecycle app@0.0.0~start: unsafe-perm in lifecycle true
9 verbose lifecycle app@0.0.0~start: PATH: D:\ProgrammingSoftware\Node.js\node_modules\npm\bin\node-gyp-bin;C:\Users\SN2OV\Desktop\express\node_modules\.bin;D:\ProgrammingSoftware\Node.js;D:\ProgrammingSoftware\Oracle\app\oracle\product\11.2.0\server\bin;;D:\ProgrammingSoftware\Python\;D:\ProgrammingSoftware\Python\Scripts;C:\Program Files\Java\jdk1.8.0_45\bin;C:\ProgramData\Oracle\Java\javapath;C:\Program Files (x86)\Intel\iCLS Client\;C:\Program Files\Intel\iCLS Client\;C:\WINDOWS\system32;C:\WINDOWS;C:\WINDOWS\System32\Wbem;C:\WINDOWS\System32\WindowsPowerShell\v1.0\;C:\Program Files\Java\jdk1.8.0_45\bin;C:\Program Files\Java\jdk1.8.0_45\jre\bin;D:\ProgrammingSoftware\Eclipse\android-sdk-windows\tools;C:\Program Files\MySQL\MySQL Server 5.6\bin;C:\Program Files\Microsoft SQL Server\120\Tools\Binn\;C:\Program Files\TortoiseSVN\bin;D:\ProgrammingSoftware\wampserver2.5\wamp\bin\php\php5.5.12;C:\ProgramData\ComposerSetup\bin;C:\Users\SN2OV\.dnx\bin;C:\Program Files\Microsoft DNX\Dnvm\;C:\Program Files (x86)\Windows Kits\8.1\Windows Performance Toolkit\;C:\Program Files\MIT\Kerberos\bin;D:\ProgrammingSoftware\SVN Server\bin;D:\ProgrammingSoftware\apache-maven-3.2.5\bin;D:\ProgrammingSoftware\Node.js\;C:\Program Files (x86)\NVIDIA Corporation\PhysX\Common;D:\BUAA\城建\北京城建\UAP-STUDIO\Runtime\bin;D:\ProgrammingSoftware\Android\Android Studio\bin\gradle-1.6-bin\gradle-1.6\bin;D:\ProgrammingSoftware\Android\Android Studio\bin\gradle-2.4-bin\gradle-2.4\bin;C:\Users\SN2OV\Desktop\apache-apollo-1.7.1-windows-distro\apache-apollo-1.7.1\bin;;D:\ProgrammingSoftware\Microsoft VS Code\bin;C:\Users\SN2OV\AppData\Roaming\npm
10 verbose lifecycle app@0.0.0~start: CWD: C:\Users\SN2OV\Desktop\express
11 silly lifecycle app@0.0.0~start: Args: [ '/d /s /c', 'node ./bin/www "app.js"' ]
12 silly lifecycle app@0.0.0~start: Returned: code: 1  signal: null
13 info lifecycle app@0.0.0~start: Failed to exec start script
14 verbose stack Error: app@0.0.0 start: `node ./bin/www "app.js"`
14 verbose stack Exit status 1
14 verbose stack     at EventEmitter.<anonymous> (D:\ProgrammingSoftware\Node.js\node_modules\npm\lib\utils\lifecycle.js:245:16)
14 verbose stack     at emitTwo (events.js:106:13)
14 verbose stack     at EventEmitter.emit (events.js:191:7)
14 verbose stack     at ChildProcess.<anonymous> (D:\ProgrammingSoftware\Node.js\node_modules\npm\lib\utils\spawn.js:24:14)
14 verbose stack     at emitTwo (events.js:106:13)
14 verbose stack     at ChildProcess.emit (events.js:191:7)
14 verbose stack     at maybeClose (internal/child_process.js:850:16)
14 verbose stack     at Process.ChildProcess._handle.onexit (internal/child_process.js:215:5)
15 verbose pkgid app@0.0.0
16 verbose cwd C:\Users\SN2OV\Desktop\express
17 error Windows_NT 10.0.10586
18 error argv "D:\\ProgrammingSoftware\\Node.js\\node.exe" "D:\\ProgrammingSoftware\\Node.js\\node_modules\\npm\\bin\\npm-cli.js" "start" "app.js"
19 error node v6.2.0
20 error npm  v3.8.9
21 error code ELIFECYCLE
22 error app@0.0.0 start: `node ./bin/www "app.js"`
22 error Exit status 1
23 error Failed at the app@0.0.0 start script 'node ./bin/www "app.js"'.
23 error Make sure you have the latest version of node.js and npm installed.
23 error If you do, this is most likely a problem with the app package,
23 error not with npm itself.
23 error Tell the author that this fails on your system:
23 error     node ./bin/www "app.js"
23 error You can get information on how to open an issue for this project with:
23 error     npm bugs app
23 error Or if that isn't available, you can get their info via:
23 error     npm owner ls app
23 error There is likely additional logging output above.
24 verbose exit [ 1, true ]
